[INFO ]2023-03-22 16:08:44:384[main]LogHelper-Application launched.
[INFO ]2023-03-22 16:08:44:673[main]LogHelper-Page title verified successfully.
[INFO ]2023-03-22 16:08:47:677[main]LogHelper-Home page: Mobile menu clicked.
[INFO ]2023-03-22 16:08:47:955[main]LogHelper-Page title verified successfully.
[INFO ]2023-03-22 16:08:49:475[main]LogHelper-Product list page:- Name selected from upper sortby
[INFO ]2023-03-22 16:08:49:671[main]LogHelper-product list page:- screenshot to check ascending order is taken
[INFO ]2023-03-22 16:08:55:225[main]LogHelper-Application launched.
[INFO ]2023-03-22 16:08:55:367[main]LogHelper-Page title verified successfully.
[INFO ]2023-03-22 16:08:57:917[main]LogHelper-Home page: Mobile menu clicked.
[INFO ]2023-03-22 16:08:58:109[main]LogHelper-Page title verified successfully.
[INFO ]2023-03-22 16:08:59:066[main]LogHelper-product list page:- Name selected from lower sortby
[INFO ]2023-03-22 16:08:59:268[main]LogHelper-product list page:- screenshot to check ascending order is taken
[INFO ]2023-03-22 16:09:05:846[main]LogHelper-Application launched.
[INFO ]2023-03-22 16:09:08:177[main]LogHelper-Home page: Mobile menu clicked.
[INFO ]2023-03-22 16:09:08:363[main]LogHelper-Page title verified successfully.
[INFO ]2023-03-22 16:09:12:010[main]LogHelper-IPhone clicked. from products list
[INFO ]2023-03-22 16:09:12:270[main]LogHelper-Page title verified successfully.
[INFO ]2023-03-22 16:12:03:364[main]LogHelper-Application launched.
[INFO ]2023-03-22 16:12:03:541[main]LogHelper-Page title verified successfully.
[INFO ]2023-03-22 16:12:06:422[main]LogHelper-Home page: Mobile menu clicked.
[INFO ]2023-03-22 16:12:06:691[main]LogHelper-Page title verified successfully.
[INFO ]2023-03-22 16:12:08:595[main]LogHelper-Product list page:- Name selected from upper sortby
[INFO ]2023-03-22 16:12:08:752[main]LogHelper-product list page:- screenshot to check ascending order is taken
[INFO ]2023-03-22 16:12:14:893[main]LogHelper-Application launched.
[INFO ]2023-03-22 16:12:15:023[main]LogHelper-Page title verified successfully.
[INFO ]2023-03-22 16:12:17:626[main]LogHelper-Home page: Mobile menu clicked.
[INFO ]2023-03-22 16:12:17:817[main]LogHelper-Page title verified successfully.
[INFO ]2023-03-22 16:12:19:422[main]LogHelper-product list page:- Name selected from lower sortby
[INFO ]2023-03-22 16:12:19:620[main]LogHelper-product list page:- screenshot to check ascending order is taken
[INFO ]2023-03-22 16:12:26:208[main]LogHelper-Application launched.
[INFO ]2023-03-22 16:12:28:823[main]LogHelper-Home page: Mobile menu clicked.
[INFO ]2023-03-22 16:12:29:010[main]LogHelper-Page title verified successfully.
[INFO ]2023-03-22 16:12:32:671[main]LogHelper-IPhone clicked. from products list
[INFO ]2023-03-22 16:12:32:929[main]LogHelper-Page title verified successfully.
[INFO ]2023-03-22 17:02:25:068[main]LogHelper-Application launched.
[INFO ]2023-03-22 17:02:25:266[main]LogHelper-Page title verified successfully.
[INFO ]2023-03-22 17:02:28:107[main]LogHelper-Home page: Mobile menu clicked.
[INFO ]2023-03-22 17:02:28:352[main]LogHelper-Page title verified successfully.
[INFO ]2023-03-22 17:02:36:285[main]LogHelper-Product list page:- Name selected from upper sortby
[INFO ]2023-03-22 17:02:36:475[main]LogHelper-product list page:- screenshot to check ascending order is taken
[INFO ]2023-03-22 17:02:42:278[main]LogHelper-Application launched.
[INFO ]2023-03-22 17:02:42:403[main]LogHelper-Page title verified successfully.
[INFO ]2023-03-22 17:02:45:057[main]LogHelper-Home page: Mobile menu clicked.
[INFO ]2023-03-22 17:02:45:326[main]LogHelper-Page title verified successfully.
[INFO ]2023-03-22 17:02:46:768[main]LogHelper-product list page:- Name selected from lower sortby
[INFO ]2023-03-22 17:02:46:972[main]LogHelper-product list page:- screenshot to check ascending order is taken
[INFO ]2023-03-22 17:02:52:970[main]LogHelper-Application launched.
[INFO ]2023-03-22 17:02:55:625[main]LogHelper-Home page: Mobile menu clicked.
[INFO ]2023-03-22 17:02:55:815[main]LogHelper-Page title verified successfully.
[INFO ]2023-03-22 17:03:04:575[main]LogHelper-IPhone clicked. from products list
[INFO ]2023-03-22 17:03:04:832[main]LogHelper-Page title verified successfully.
[INFO ]2023-03-22 17:03:18:825[main]LogHelper-Application launched.
[INFO ]2023-03-22 17:03:21:536[main]LogHelper-Home page: Mobile menu clicked.
[INFO ]2023-03-22 17:03:21:706[main]LogHelper-Page title verified successfully.
[INFO ]2023-03-22 17:03:33:694[main]LogHelper-Samsung Galaxy clicked. from products list
[INFO ]2023-03-22 17:03:34:036[main]LogHelper-Page title verified successfully.
[INFO ]2023-03-22 17:03:48:552[main]LogHelper-Application launched.
[INFO ]2023-03-22 17:03:50:654[main]LogHelper-Home page: Mobile menu clicked.
[INFO ]2023-03-22 17:03:50:837[main]LogHelper-Page title verified successfully.
[INFO ]2023-03-22 17:03:53:854[main]LogHelper-Sony Xperia clicked. from products list
[INFO ]2023-03-22 17:03:54:114[main]LogHelper-Page title verified successfully.
[INFO ]2023-03-22 17:24:28:759[main]LogHelper-Application launched.
[INFO ]2023-03-22 17:24:28:937[main]LogHelper-Page title verified successfully.
[INFO ]2023-03-22 17:24:31:765[main]LogHelper-Home page: Mobile menu clicked.
[INFO ]2023-03-22 17:24:32:014[main]LogHelper-Page title verified successfully.
[INFO ]2023-03-22 17:24:33:867[main]LogHelper-Product list page:- Name selected from upper sortby
[INFO ]2023-03-22 17:24:34:074[main]LogHelper-product list page:- screenshot to check ascending order is taken
[INFO ]2023-03-22 17:24:40:168[main]LogHelper-Application launched.
[INFO ]2023-03-22 17:24:40:309[main]LogHelper-Page title verified successfully.
[INFO ]2023-03-22 17:24:42:969[main]LogHelper-Home page: Mobile menu clicked.
[INFO ]2023-03-22 17:24:43:164[main]LogHelper-Page title verified successfully.
[INFO ]2023-03-22 17:24:44:211[main]LogHelper-product list page:- Name selected from lower sortby
[INFO ]2023-03-22 17:24:44:404[main]LogHelper-product list page:- screenshot to check ascending order is taken
[INFO ]2023-03-22 17:24:50:791[main]LogHelper-Application launched.
[INFO ]2023-03-22 17:24:54:085[main]LogHelper-Home page: Mobile menu clicked.
[INFO ]2023-03-22 17:24:54:276[main]LogHelper-Page title verified successfully.
[INFO ]2023-03-22 17:24:54:473[main]LogHelper-Product price is list page is stored.
[INFO ]2023-03-22 17:24:58:321[main]LogHelper-IPhone clicked. from products list
[INFO ]2023-03-22 17:24:58:589[main]LogHelper-Page title verified successfully.
[INFO ]2023-03-22 17:25:04:799[main]LogHelper-Application launched.
[INFO ]2023-03-22 17:25:07:274[main]LogHelper-Home page: Mobile menu clicked.
[INFO ]2023-03-22 17:25:07:452[main]LogHelper-Page title verified successfully.
[INFO ]2023-03-22 17:25:07:660[main]LogHelper-Product price is list page is stored.
[INFO ]2023-03-22 17:25:18:796[main]LogHelper-Samsung Galaxy clicked. from products list
[INFO ]2023-03-22 17:25:19:139[main]LogHelper-Page title verified successfully.
[INFO ]2023-03-22 17:25:25:313[main]LogHelper-Application launched.
[INFO ]2023-03-22 17:25:26:820[main]LogHelper-Home page: Mobile menu clicked.
[INFO ]2023-03-22 17:25:27:039[main]LogHelper-Page title verified successfully.
[INFO ]2023-03-22 17:25:27:242[main]LogHelper-Product price is list page is stored.
[INFO ]2023-03-22 17:25:29:978[main]LogHelper-Sony Xperia clicked. from products list
[INFO ]2023-03-22 17:25:30:247[main]LogHelper-Page title verified successfully.
[INFO ]2023-03-22 19:01:57:026[main]LogHelper-Application launched.
[INFO ]2023-03-22 19:01:57:283[main]LogHelper-Page title verified successfully.
[INFO ]2023-03-22 19:01:59:370[main]LogHelper-Home page: Mobile menu clicked.
[INFO ]2023-03-22 19:01:59:742[main]LogHelper-Page title verified successfully.
[INFO ]2023-03-22 19:02:00:855[main]LogHelper-Product list page:- Name selected from upper sortby
[INFO ]2023-03-22 19:02:01:162[main]LogHelper-product list page:- screenshot to check ascending order is taken
[INFO ]2023-03-22 19:02:08:918[main]LogHelper-Application launched.
[INFO ]2023-03-22 19:02:09:136[main]LogHelper-Page title verified successfully.
[INFO ]2023-03-22 19:02:13:376[main]LogHelper-Home page: Mobile menu clicked.
[INFO ]2023-03-22 19:02:13:770[main]LogHelper-Page title verified successfully.
[INFO ]2023-03-22 19:02:15:143[main]LogHelper-product list page:- Name selected from lower sortby
[INFO ]2023-03-22 19:02:15:439[main]LogHelper-product list page:- screenshot to check ascending order is taken
[INFO ]2023-03-22 19:02:22:585[main]LogHelper-Application launched.
[INFO ]2023-03-22 19:02:25:555[main]LogHelper-Home page: Mobile menu clicked.
[INFO ]2023-03-22 19:02:25:834[main]LogHelper-Page title verified successfully.
[INFO ]2023-03-22 19:02:26:127[main]LogHelper-Product price is list page is stored.
[INFO ]2023-03-22 19:02:30:595[main]LogHelper-IPhone clicked. from products list
[INFO ]2023-03-22 19:02:31:029[main]LogHelper-Page title verified successfully.
[INFO ]2023-03-22 19:02:31:301[main]LogHelper-Price in details page matches with price in list page
[INFO ]2023-03-22 19:02:38:107[main]LogHelper-Application launched.
[INFO ]2023-03-22 19:02:41:536[main]LogHelper-Home page: Mobile menu clicked.
[INFO ]2023-03-22 19:02:41:844[main]LogHelper-Page title verified successfully.
[INFO ]2023-03-22 19:02:42:143[main]LogHelper-Product price is list page is stored.
[INFO ]2023-03-22 19:02:52:793[main]LogHelper-Samsung Galaxy clicked. from products list
[INFO ]2023-03-22 19:02:53:360[main]LogHelper-Page title verified successfully.
[INFO ]2023-03-22 19:02:53:878[main]LogHelper-Price in details page matches with price in list page
[INFO ]2023-03-22 19:03:01:795[main]LogHelper-Application launched.
[INFO ]2023-03-22 19:03:04:579[main]LogHelper-Home page: Mobile menu clicked.
[INFO ]2023-03-22 19:03:04:909[main]LogHelper-Page title verified successfully.
[INFO ]2023-03-22 19:03:05:206[main]LogHelper-Product price is list page is stored.
[INFO ]2023-03-22 19:03:11:025[main]LogHelper-Sony Xperia clicked. from products list
[INFO ]2023-03-22 19:03:11:461[main]LogHelper-Page title verified successfully.
[INFO ]2023-03-22 19:03:11:765[main]LogHelper-Price in details page matches with price in list page
[INFO ]2023-03-23 10:57:06:466[main]LogHelper-Application launched.
[INFO ]2023-03-23 10:57:08:498[main]LogHelper-Home page: Mobile menu clicked.
[INFO ]2023-03-23 10:57:15:567[main]LogHelper-Application launched.
[INFO ]2023-03-23 10:57:17:739[main]LogHelper-Home page: Mobile menu clicked.
[INFO ]2023-03-23 10:57:24:610[main]LogHelper-Application launched.
[INFO ]2023-03-23 10:57:27:032[main]LogHelper-Home page: Mobile menu clicked.
[INFO ]2023-03-23 10:57:33:810[main]LogHelper-Application launched.
[INFO ]2023-03-23 10:57:34:043[main]LogHelper-Page title verified successfully.
[INFO ]2023-03-23 10:57:36:463[main]LogHelper-Home page: Mobile menu clicked.
[INFO ]2023-03-23 10:57:36:816[main]LogHelper-Page title verified successfully.
[INFO ]2023-03-23 10:57:37:948[main]LogHelper-Product list page:- Name selected from upper sortby
[INFO ]2023-03-23 10:57:38:267[main]LogHelper-product list page:- screenshot to check ascending order is taken
[INFO ]2023-03-23 10:57:45:272[main]LogHelper-Application launched.
[INFO ]2023-03-23 10:57:45:532[main]LogHelper-Page title verified successfully.
[INFO ]2023-03-23 10:57:49:046[main]LogHelper-Home page: Mobile menu clicked.
[INFO ]2023-03-23 10:57:49:470[main]LogHelper-Page title verified successfully.
[INFO ]2023-03-23 10:57:50:482[main]LogHelper-product list page:- Name selected from lower sortby
[INFO ]2023-03-23 10:57:50:775[main]LogHelper-product list page:- screenshot to check ascending order is taken
[INFO ]2023-03-23 10:57:57:633[main]LogHelper-Application launched.
[INFO ]2023-03-23 10:58:00:700[main]LogHelper-Home page: Mobile menu clicked.
[INFO ]2023-03-23 10:58:01:123[main]LogHelper-Page title verified successfully.
[INFO ]2023-03-23 10:58:01:392[main]LogHelper-Product price is list page is stored.
[INFO ]2023-03-23 10:58:05:942[main]LogHelper-IPhone clicked. from products list
[INFO ]2023-03-23 10:58:06:368[main]LogHelper-Page title verified successfully.
[INFO ]2023-03-23 10:58:06:642[main]LogHelper-Price in details page matches with price in list page
[INFO ]2023-03-23 10:58:13:909[main]LogHelper-Application launched.
[INFO ]2023-03-23 10:58:17:261[main]LogHelper-Home page: Mobile menu clicked.
[INFO ]2023-03-23 10:58:17:577[main]LogHelper-Page title verified successfully.
[INFO ]2023-03-23 10:58:17:857[main]LogHelper-Product price is list page is stored.
[INFO ]2023-03-23 10:59:06:033[main]LogHelper-Samsung Galaxy clicked. from products list
[INFO ]2023-03-23 10:59:06:554[main]LogHelper-Page title verified successfully.
[INFO ]2023-03-23 10:59:06:983[main]LogHelper-Price in details page matches with price in list page
[INFO ]2023-03-23 10:59:13:977[main]LogHelper-Application launched.
[INFO ]2023-03-23 10:59:19:765[main]LogHelper-Home page: Mobile menu clicked.
[INFO ]2023-03-23 10:59:20:178[main]LogHelper-Page title verified successfully.
[INFO ]2023-03-23 10:59:20:468[main]LogHelper-Product price is list page is stored.
[INFO ]2023-03-23 10:59:25:900[main]LogHelper-Sony Xperia clicked. from products list
[INFO ]2023-03-23 10:59:26:324[main]LogHelper-Page title verified successfully.
[INFO ]2023-03-23 10:59:26:629[main]LogHelper-Price in details page matches with price in list page
[INFO ]2023-03-23 11:06:49:310[main]LogHelper-Application launched.
[INFO ]2023-03-23 11:06:49:619[main]LogHelper-Page title verified successfully.
[INFO ]2023-03-23 11:06:53:792[main]LogHelper-Home page: Mobile menu clicked.
[INFO ]2023-03-23 11:06:54:215[main]LogHelper-Page title verified successfully.
[INFO ]2023-03-23 11:06:55:776[main]LogHelper-Product list page:- Name selected from upper sortby
[INFO ]2023-03-23 11:06:56:126[main]LogHelper-product list page:- screenshot to check ascending order is taken
[INFO ]2023-03-23 11:07:04:454[main]LogHelper-Application launched.
[INFO ]2023-03-23 11:07:04:679[main]LogHelper-Page title verified successfully.
[INFO ]2023-03-23 11:07:11:022[main]LogHelper-Home page: Mobile menu clicked.
[INFO ]2023-03-23 11:07:11:445[main]LogHelper-Page title verified successfully.
[INFO ]2023-03-23 11:07:12:527[main]LogHelper-product list page:- Name selected from lower sortby
[INFO ]2023-03-23 11:07:12:863[main]LogHelper-product list page:- screenshot to check ascending order is taken
[INFO ]2023-03-23 11:07:20:465[main]LogHelper-Application launched.
[INFO ]2023-03-23 11:07:24:442[main]LogHelper-Home page: Mobile menu clicked.
[INFO ]2023-03-23 11:07:24:758[main]LogHelper-Page title verified successfully.
[INFO ]2023-03-23 11:07:25:067[main]LogHelper-Product price is list page is stored.
[INFO ]2023-03-23 11:07:30:070[main]LogHelper-IPhone clicked. from products list
[INFO ]2023-03-23 11:07:30:452[main]LogHelper-Page title verified successfully.
[INFO ]2023-03-23 11:07:30:733[main]LogHelper-Price in details page matches with price in list page
[INFO ]2023-03-23 11:07:38:440[main]LogHelper-Application launched.
[INFO ]2023-03-23 11:07:42:261[main]LogHelper-Home page: Mobile menu clicked.
[INFO ]2023-03-23 11:07:42:529[main]LogHelper-Page title verified successfully.
[INFO ]2023-03-23 11:07:42:801[main]LogHelper-Product price is list page is stored.
[INFO ]2023-03-23 11:07:57:386[main]LogHelper-Samsung Galaxy clicked. from products list
[INFO ]2023-03-23 11:07:58:151[main]LogHelper-Page title verified successfully.
[INFO ]2023-03-23 11:07:58:638[main]LogHelper-Price in details page matches with price in list page
[INFO ]2023-03-23 11:08:06:358[main]LogHelper-Application launched.
[INFO ]2023-03-23 11:08:08:964[main]LogHelper-Home page: Mobile menu clicked.
[INFO ]2023-03-23 11:08:09:298[main]LogHelper-Page title verified successfully.
[INFO ]2023-03-23 11:08:09:573[main]LogHelper-Product price is list page is stored.
[INFO ]2023-03-23 11:08:14:185[main]LogHelper-Sony Xperia clicked. from products list
[INFO ]2023-03-23 11:08:14:626[main]LogHelper-Page title verified successfully.
[INFO ]2023-03-23 11:08:14:949[main]LogHelper-Price in details page matches with price in list page
[INFO ]2023-03-23 11:14:26:497[pool-1-thread-1]LogHelper-Application launched.
[INFO ]2023-03-23 11:14:26:497[pool-1-thread-2]LogHelper-Application launched.
[INFO ]2023-03-23 11:14:26:772[pool-1-thread-1]LogHelper-Page title verified successfully.
[INFO ]2023-03-23 11:14:28:786[pool-1-thread-1]LogHelper-Home page: Mobile menu clicked.
[INFO ]2023-03-23 11:14:29:086[pool-1-thread-2]LogHelper-Home page: Mobile menu clicked.
[INFO ]2023-03-23 11:14:29:102[pool-1-thread-1]LogHelper-Page title verified successfully.
[INFO ]2023-03-23 11:14:29:385[pool-1-thread-2]LogHelper-Page title verified successfully.
[INFO ]2023-03-23 11:14:29:673[pool-1-thread-2]LogHelper-Product price is list page is stored.
[INFO ]2023-03-23 11:14:30:187[pool-1-thread-1]LogHelper-Product list page:- Name selected from upper sortby
[INFO ]2023-03-23 11:14:30:461[pool-1-thread-1]LogHelper-product list page:- screenshot to check ascending order is taken
[INFO ]2023-03-23 11:14:33:262[pool-1-thread-2]LogHelper-IPhone clicked. from products list
[INFO ]2023-03-23 11:14:33:553[pool-1-thread-2]LogHelper-Page title verified successfully.
[INFO ]2023-03-23 11:14:33:841[pool-1-thread-2]LogHelper-Price in details page matches with price in list page
[INFO ]2023-03-23 11:14:37:544[pool-1-thread-1]LogHelper-Application launched.
[INFO ]2023-03-23 11:14:37:791[pool-1-thread-1]LogHelper-Page title verified successfully.
[INFO ]2023-03-23 11:14:40:095[pool-1-thread-1]LogHelper-Home page: Mobile menu clicked.
[INFO ]2023-03-23 11:14:40:251[pool-1-thread-2]LogHelper-Application launched.
[INFO ]2023-03-23 11:14:40:441[pool-1-thread-1]LogHelper-Page title verified successfully.
[INFO ]2023-03-23 11:14:41:585[pool-1-thread-1]LogHelper-product list page:- Name selected from lower sortby
[INFO ]2023-03-23 11:14:42:004[pool-1-thread-1]LogHelper-product list page:- screenshot to check ascending order is taken
[INFO ]2023-03-23 11:14:42:509[pool-1-thread-2]LogHelper-Home page: Mobile menu clicked.
[INFO ]2023-03-23 11:14:42:794[pool-1-thread-2]LogHelper-Page title verified successfully.
[INFO ]2023-03-23 11:14:43:055[pool-1-thread-2]LogHelper-Product price is list page is stored.
[INFO ]2023-03-23 11:14:56:243[pool-1-thread-2]LogHelper-Samsung Galaxy clicked. from products list
[INFO ]2023-03-23 11:14:56:642[pool-1-thread-2]LogHelper-Page title verified successfully.
[INFO ]2023-03-23 11:14:57:072[pool-1-thread-2]LogHelper-Price in details page matches with price in list page
[INFO ]2023-03-23 11:15:03:962[pool-1-thread-2]LogHelper-Application launched.
[INFO ]2023-03-23 11:15:06:255[pool-1-thread-2]LogHelper-Home page: Mobile menu clicked.
[INFO ]2023-03-23 11:15:06:538[pool-1-thread-2]LogHelper-Page title verified successfully.
[INFO ]2023-03-23 11:15:06:805[pool-1-thread-2]LogHelper-Product price is list page is stored.
[INFO ]2023-03-23 11:15:11:881[pool-1-thread-2]LogHelper-Sony Xperia clicked. from products list
[INFO ]2023-03-23 11:15:12:231[pool-1-thread-2]LogHelper-Page title verified successfully.
[INFO ]2023-03-23 11:15:12:545[pool-1-thread-2]LogHelper-Price in details page matches with price in list page
